{"/Users/amrita/Documents/ScoreLab/nodecloud-web/server/.nc.config": {"path":"/Users/amrita/Documents/ScoreLab/nodecloud-web/server/.nc.config","statementMap":{"0":{"start":{"line":1,"column":29},"end":{"line":1,"column":62}},"1":{"start":{"line":3,"column":0},"end":{"line":9,"column":2}},"2":{"start":{"line":11,"column":0},"end":{"line":11,"column":27}}},"fnMap":{},"branchMap":{},"s":{"0":1,"1":1,"2":1},"f":{},"b":{},"_coverageSchema":"43e27e138ebf9cfc5966b082cf9a028302ed4184","hash":"9bf96f71059718ab2e980190fb755fb816518980"}
,"/Users/amrita/Documents/ScoreLab/nodecloud-web/server/knexfile.js": {"path":"/Users/amrita/Documents/ScoreLab/nodecloud-web/server/knexfile.js","statementMap":{"0":{"start":{"line":3,"column":0},"end":{"line":27,"column":2}}},"fnMap":{},"branchMap":{},"s":{"0":1},"f":{},"b":{},"_coverageSchema":"43e27e138ebf9cfc5966b082cf9a028302ed4184","hash":"194e69ddf7d34332a6691ec6d56f62de20fd6522"}
,"/Users/amrita/Documents/ScoreLab/nodecloud-web/server/store.js": {"path":"/Users/amrita/Documents/ScoreLab/nodecloud-web/server/store.js","statementMap":{"0":{"start":{"line":6,"column":13},"end":{"line":6,"column":51}},"1":{"start":{"line":8,"column":0},"end":{"line":106,"column":2}},"2":{"start":{"line":10,"column":4},"end":{"line":12,"column":41}},"3":{"start":{"line":12,"column":21},"end":{"line":12,"column":39}},"4":{"start":{"line":16,"column":17},"end":{"line":19,"column":5}},"5":{"start":{"line":20,"column":4},"end":{"line":27,"column":9}},"6":{"start":{"line":24,"column":8},"end":{"line":24,"column":27}},"7":{"start":{"line":25,"column":20},"end":{"line":25,"column":79}},"8":{"start":{"line":26,"column":8},"end":{"line":26,"column":19}},"9":{"start":{"line":31,"column":4},"end":{"line":65,"column":9}},"10":{"start":{"line":35,"column":8},"end":{"line":39,"column":9}},"11":{"start":{"line":37,"column":22},"end":{"line":37,"column":70}},"12":{"start":{"line":38,"column":10},"end":{"line":38,"column":21}},"13":{"start":{"line":40,"column":21},"end":{"line":40,"column":39}},"14":{"start":{"line":41,"column":8},"end":{"line":61,"column":9}},"15":{"start":{"line":43,"column":23},"end":{"line":47,"column":11}},"16":{"start":{"line":48,"column":22},"end":{"line":52,"column":11}},"17":{"start":{"line":53,"column":10},"end":{"line":53,"column":21}},"18":{"start":{"line":56,"column":22},"end":{"line":59,"column":11}},"19":{"start":{"line":60,"column":10},"end":{"line":60,"column":21}},"20":{"start":{"line":64,"column":8},"end":{"line":64,"column":27}},"21":{"start":{"line":69,"column":4},"end":{"line":76,"column":37}},"22":{"start":{"line":78,"column":4},"end":{"line":87,"column":9}},"23":{"start":{"line":81,"column":20},"end":{"line":85,"column":9}},"24":{"start":{"line":86,"column":8},"end":{"line":86,"column":19}},"25":{"start":{"line":91,"column":4},"end":{"line":100,"column":9}},"26":{"start":{"line":94,"column":20},"end":{"line":98,"column":9}},"27":{"start":{"line":99,"column":8},"end":{"line":99,"column":19}},"28":{"start":{"line":104,"column":4},"end":{"line":104,"column":34}}},"fnMap":{"0":{"name":"(anonymous_0)","decl":{"start":{"line":9,"column":2},"end":{"line":9,"column":3}},"loc":{"start":{"line":9,"column":13},"end":{"line":13,"column":3}},"line":9},"1":{"name":"(anonymous_1)","decl":{"start":{"line":12,"column":12},"end":{"line":12,"column":13}},"loc":{"start":{"line":12,"column":21},"end":{"line":12,"column":39}},"line":12},"2":{"name":"(anonymous_2)","decl":{"start":{"line":15,"column":2},"end":{"line":15,"column":3}},"loc":{"start":{"line":15,"column":36},"end":{"line":28,"column":3}},"line":15},"3":{"name":"(anonymous_3)","decl":{"start":{"line":23,"column":12},"end":{"line":23,"column":13}},"loc":{"start":{"line":23,"column":25},"end":{"line":27,"column":7}},"line":23},"4":{"name":"(anonymous_4)","decl":{"start":{"line":30,"column":2},"end":{"line":30,"column":3}},"loc":{"start":{"line":30,"column":28},"end":{"line":66,"column":3}},"line":30},"5":{"name":"(anonymous_5)","decl":{"start":{"line":34,"column":12},"end":{"line":34,"column":13}},"loc":{"start":{"line":34,"column":29},"end":{"line":62,"column":7}},"line":34},"6":{"name":"(anonymous_6)","decl":{"start":{"line":63,"column":13},"end":{"line":63,"column":14}},"loc":{"start":{"line":63,"column":29},"end":{"line":65,"column":7}},"line":63},"7":{"name":"(anonymous_7)","decl":{"start":{"line":68,"column":2},"end":{"line":68,"column":3}},"loc":{"start":{"line":68,"column":32},"end":{"line":88,"column":3}},"line":68},"8":{"name":"(anonymous_8)","decl":{"start":{"line":80,"column":12},"end":{"line":80,"column":13}},"loc":{"start":{"line":80,"column":24},"end":{"line":87,"column":7}},"line":80},"9":{"name":"(anonymous_9)","decl":{"start":{"line":90,"column":2},"end":{"line":90,"column":3}},"loc":{"start":{"line":90,"column":16},"end":{"line":101,"column":3}},"line":90},"10":{"name":"(anonymous_10)","decl":{"start":{"line":93,"column":12},"end":{"line":93,"column":13}},"loc":{"start":{"line":93,"column":24},"end":{"line":100,"column":7}},"line":93},"11":{"name":"(anonymous_11)","decl":{"start":{"line":103,"column":2},"end":{"line":103,"column":3}},"loc":{"start":{"line":103,"column":15},"end":{"line":105,"column":3}},"line":103}},"branchMap":{"0":{"loc":{"start":{"line":35,"column":8},"end":{"line":39,"column":9}},"type":"if","locations":[{"start":{"line":35,"column":8},"end":{"line":39,"column":9}},{"start":{"line":35,"column":8},"end":{"line":39,"column":9}}],"line":35},"1":{"loc":{"start":{"line":35,"column":12},"end":{"line":35,"column":33}},"type":"binary-expr","locations":[{"start":{"line":35,"column":12},"end":{"line":35,"column":19}},{"start":{"line":35,"column":23},"end":{"line":35,"column":33}}],"line":35},"2":{"loc":{"start":{"line":41,"column":8},"end":{"line":61,"column":9}},"type":"if","locations":[{"start":{"line":41,"column":8},"end":{"line":61,"column":9}},{"start":{"line":41,"column":8},"end":{"line":61,"column":9}}],"line":41}},"s":{"0":1,"1":1,"2":0,"3":0,"4":0,"5":0,"6":0,"7":0,"8":0,"9":0,"10":0,"11":0,"12":0,"13":0,"14":0,"15":0,"16":0,"17":0,"18":0,"19":0,"20":0,"21":0,"22":0,"23":0,"24":0,"25":0,"26":0,"27":0,"28":1},"f":{"0":0,"1":0,"2":0,"3":0,"4":0,"5":0,"6":0,"7":0,"8":0,"9":0,"10":0,"11":1},"b":{"0":[0,0],"1":[0,0],"2":[0,0]},"_coverageSchema":"43e27e138ebf9cfc5966b082cf9a028302ed4184","hash":"e1d1ffb72a90f91862d422fa4155f9df0a7314cd"}
,"/Users/amrita/Documents/ScoreLab/nodecloud-web/server/helpers/utils.js": {"path":"/Users/amrita/Documents/ScoreLab/nodecloud-web/server/helpers/utils.js","statementMap":{"0":{"start":{"line":1,"column":12},"end":{"line":1,"column":35}},"1":{"start":{"line":2,"column":0},"end":{"line":2,"column":27}},"2":{"start":{"line":4,"column":0},"end":{"line":22,"column":2}},"3":{"start":{"line":6,"column":14},"end":{"line":9,"column":5}},"4":{"start":{"line":10,"column":4},"end":{"line":12,"column":8}},"5":{"start":{"line":16,"column":4},"end":{"line":20,"column":5}},"6":{"start":{"line":17,"column":6},"end":{"line":17,"column":67}},"7":{"start":{"line":19,"column":6},"end":{"line":19,"column":16}}},"fnMap":{"0":{"name":"(anonymous_0)","decl":{"start":{"line":5,"column":2},"end":{"line":5,"column":3}},"loc":{"start":{"line":5,"column":22},"end":{"line":13,"column":3}},"line":5},"1":{"name":"(anonymous_1)","decl":{"start":{"line":15,"column":2},"end":{"line":15,"column":3}},"loc":{"start":{"line":15,"column":22},"end":{"line":21,"column":3}},"line":15}},"branchMap":{},"s":{"0":1,"1":1,"2":1,"3":0,"4":0,"5":1,"6":1,"7":0},"f":{"0":0,"1":1},"b":{},"_coverageSchema":"43e27e138ebf9cfc5966b082cf9a028302ed4184","hash":"dabcf485b84b01ffe21312aea6cbf066106ee96c"}
,"/Users/amrita/Documents/ScoreLab/nodecloud-web/server/routes/auth.js": {"path":"/Users/amrita/Documents/ScoreLab/nodecloud-web/server/routes/auth.js","statementMap":{"0":{"start":{"line":1,"column":16},"end":{"line":1,"column":34}},"1":{"start":{"line":2,"column":15},"end":{"line":2,"column":31}},"2":{"start":{"line":3,"column":19},"end":{"line":3,"column":41}},"3":{"start":{"line":4,"column":19},"end":{"line":4,"column":36}},"4":{"start":{"line":5,"column":14},"end":{"line":5,"column":33}},"5":{"start":{"line":6,"column":14},"end":{"line":6,"column":41}},"6":{"start":{"line":8,"column":0},"end":{"line":17,"column":3}},"7":{"start":{"line":9,"column":15},"end":{"line":9,"column":23}},"8":{"start":{"line":10,"column":2},"end":{"line":16,"column":5}},"9":{"start":{"line":11,"column":17},"end":{"line":11,"column":25}},"10":{"start":{"line":12,"column":4},"end":{"line":14,"column":5}},"11":{"start":{"line":13,"column":6},"end":{"line":13,"column":47}},"12":{"start":{"line":15,"column":4},"end":{"line":15,"column":23}},"13":{"start":{"line":19,"column":0},"end":{"line":28,"column":3}},"14":{"start":{"line":20,"column":15},"end":{"line":20,"column":23}},"15":{"start":{"line":21,"column":2},"end":{"line":27,"column":5}},"16":{"start":{"line":22,"column":17},"end":{"line":22,"column":25}},"17":{"start":{"line":23,"column":4},"end":{"line":25,"column":5}},"18":{"start":{"line":24,"column":6},"end":{"line":24,"column":47}},"19":{"start":{"line":26,"column":4},"end":{"line":26,"column":23}},"20":{"start":{"line":30,"column":0},"end":{"line":30,"column":24}}},"fnMap":{"0":{"name":"(anonymous_0)","decl":{"start":{"line":8,"column":35},"end":{"line":8,"column":36}},"loc":{"start":{"line":8,"column":59},"end":{"line":17,"column":1}},"line":8},"1":{"name":"(anonymous_1)","decl":{"start":{"line":10,"column":71},"end":{"line":10,"column":72}},"loc":{"start":{"line":10,"column":78},"end":{"line":16,"column":3}},"line":10},"2":{"name":"(anonymous_2)","decl":{"start":{"line":19,"column":34},"end":{"line":19,"column":35}},"loc":{"start":{"line":19,"column":58},"end":{"line":28,"column":1}},"line":19},"3":{"name":"(anonymous_3)","decl":{"start":{"line":21,"column":55},"end":{"line":21,"column":56}},"loc":{"start":{"line":21,"column":62},"end":{"line":27,"column":3}},"line":21}},"branchMap":{"0":{"loc":{"start":{"line":12,"column":4},"end":{"line":14,"column":5}},"type":"if","locations":[{"start":{"line":12,"column":4},"end":{"line":14,"column":5}},{"start":{"line":12,"column":4},"end":{"line":14,"column":5}}],"line":12},"1":{"loc":{"start":{"line":23,"column":4},"end":{"line":25,"column":5}},"type":"if","locations":[{"start":{"line":23,"column":4},"end":{"line":25,"column":5}},{"start":{"line":23,"column":4},"end":{"line":25,"column":5}}],"line":23}},"s":{"0":1,"1":1,"2":1,"3":1,"4":1,"5":1,"6":1,"7":0,"8":0,"9":0,"10":0,"11":0,"12":0,"13":1,"14":0,"15":0,"16":0,"17":0,"18":0,"19":0,"20":1},"f":{"0":0,"1":0,"2":0,"3":0},"b":{"0":[0,0],"1":[0,0]},"_coverageSchema":"43e27e138ebf9cfc5966b082cf9a028302ed4184","hash":"ce771c1c26e6a4af8b0aaa246bebb49f8def1872"}
,"/Users/amrita/Documents/ScoreLab/nodecloud-web/server/routes/getservices.js": {"path":"/Users/amrita/Documents/ScoreLab/nodecloud-web/server/routes/getservices.js","statementMap":{"0":{"start":{"line":1,"column":16},"end":{"line":1,"column":34}},"1":{"start":{"line":2,"column":15},"end":{"line":2,"column":31}},"2":{"start":{"line":3,"column":19},"end":{"line":3,"column":41}},"3":{"start":{"line":4,"column":19},"end":{"line":4,"column":36}},"4":{"start":{"line":5,"column":14},"end":{"line":5,"column":30}},"5":{"start":{"line":7,"column":14},"end":{"line":7,"column":33}},"6":{"start":{"line":8,"column":14},"end":{"line":8,"column":41}},"7":{"start":{"line":10,"column":18},"end":{"line":10,"column":38}},"8":{"start":{"line":12,"column":17},"end":{"line":12,"column":45}},"9":{"start":{"line":13,"column":11},"end":{"line":13,"column":35}},"10":{"start":{"line":14,"column":16},"end":{"line":14,"column":40}},"11":{"start":{"line":15,"column":13},"end":{"line":15,"column":34}},"12":{"start":{"line":17,"column":22},"end":{"line":17,"column":40}},"13":{"start":{"line":18,"column":26},"end":{"line":18,"column":37}},"14":{"start":{"line":19,"column":15},"end":{"line":21,"column":1}},"15":{"start":{"line":23,"column":0},"end":{"line":92,"column":3}},"16":{"start":{"line":24,"column":2},"end":{"line":24,"column":48}},"17":{"start":{"line":25,"column":2},"end":{"line":91,"column":3}},"18":{"start":{"line":26,"column":4},"end":{"line":26,"column":62}},"19":{"start":{"line":27,"column":4},"end":{"line":84,"column":5}},"20":{"start":{"line":28,"column":6},"end":{"line":71,"column":8}},"21":{"start":{"line":31,"column":12},"end":{"line":38,"column":15}},"22":{"start":{"line":32,"column":14},"end":{"line":32,"column":37}},"23":{"start":{"line":33,"column":14},"end":{"line":37,"column":15}},"24":{"start":{"line":34,"column":16},"end":{"line":34,"column":36}},"25":{"start":{"line":36,"column":16},"end":{"line":36,"column":35}},"26":{"start":{"line":41,"column":12},"end":{"line":48,"column":15}},"27":{"start":{"line":42,"column":14},"end":{"line":42,"column":37}},"28":{"start":{"line":43,"column":14},"end":{"line":47,"column":15}},"29":{"start":{"line":44,"column":16},"end":{"line":44,"column":36}},"30":{"start":{"line":46,"column":16},"end":{"line":46,"column":35}},"31":{"start":{"line":62,"column":10},"end":{"line":68,"column":13}},"32":{"start":{"line":63,"column":12},"end":{"line":63,"column":48}},"33":{"start":{"line":64,"column":12},"end":{"line":64,"column":48}},"34":{"start":{"line":65,"column":12},"end":{"line":67,"column":13}},"35":{"start":{"line":66,"column":14},"end":{"line":66,"column":45}},"36":{"start":{"line":69,"column":10},"end":{"line":69,"column":62}},"37":{"start":{"line":69,"column":42},"end":{"line":69,"column":60}},"38":{"start":{"line":72,"column":11},"end":{"line":84,"column":5}},"39":{"start":{"line":73,"column":6},"end":{"line":76,"column":8}},"40":{"start":{"line":77,"column":6},"end":{"line":77,"column":25}},"41":{"start":{"line":78,"column":11},"end":{"line":84,"column":5}},"42":{"start":{"line":79,"column":6},"end":{"line":82,"column":8}},"43":{"start":{"line":83,"column":6},"end":{"line":83,"column":25}},"44":{"start":{"line":86,"column":4},"end":{"line":89,"column":6}},"45":{"start":{"line":90,"column":4},"end":{"line":90,"column":23}},"46":{"start":{"line":93,"column":0},"end":{"line":93,"column":24}}},"fnMap":{"0":{"name":"(anonymous_0)","decl":{"start":{"line":23,"column":20},"end":{"line":23,"column":21}},"loc":{"start":{"line":23,"column":50},"end":{"line":92,"column":1}},"line":23},"1":{"name":"(anonymous_1)","decl":{"start":{"line":30,"column":13},"end":{"line":30,"column":14}},"loc":{"start":{"line":30,"column":32},"end":{"line":39,"column":11}},"line":30},"2":{"name":"(anonymous_2)","decl":{"start":{"line":31,"column":44},"end":{"line":31,"column":45}},"loc":{"start":{"line":31,"column":51},"end":{"line":38,"column":13}},"line":31},"3":{"name":"(anonymous_3)","decl":{"start":{"line":40,"column":13},"end":{"line":40,"column":14}},"loc":{"start":{"line":40,"column":32},"end":{"line":49,"column":11}},"line":40},"4":{"name":"(anonymous_4)","decl":{"start":{"line":41,"column":49},"end":{"line":41,"column":50}},"loc":{"start":{"line":41,"column":56},"end":{"line":48,"column":13}},"line":41},"5":{"name":"(anonymous_5)","decl":{"start":{"line":60,"column":8},"end":{"line":60,"column":9}},"loc":{"start":{"line":60,"column":31},"end":{"line":70,"column":9}},"line":60},"6":{"name":"(anonymous_6)","decl":{"start":{"line":62,"column":38},"end":{"line":62,"column":39}},"loc":{"start":{"line":62,"column":60},"end":{"line":68,"column":11}},"line":62},"7":{"name":"(anonymous_7)","decl":{"start":{"line":69,"column":35},"end":{"line":69,"column":36}},"loc":{"start":{"line":69,"column":42},"end":{"line":69,"column":60}},"line":69}},"branchMap":{"0":{"loc":{"start":{"line":25,"column":2},"end":{"line":91,"column":3}},"type":"if","locations":[{"start":{"line":25,"column":2},"end":{"line":91,"column":3}},{"start":{"line":25,"column":2},"end":{"line":91,"column":3}}],"line":25},"1":{"loc":{"start":{"line":27,"column":4},"end":{"line":84,"column":5}},"type":"if","locations":[{"start":{"line":27,"column":4},"end":{"line":84,"column":5}},{"start":{"line":27,"column":4},"end":{"line":84,"column":5}}],"line":27},"2":{"loc":{"start":{"line":33,"column":14},"end":{"line":37,"column":15}},"type":"if","locations":[{"start":{"line":33,"column":14},"end":{"line":37,"column":15}},{"start":{"line":33,"column":14},"end":{"line":37,"column":15}}],"line":33},"3":{"loc":{"start":{"line":43,"column":14},"end":{"line":47,"column":15}},"type":"if","locations":[{"start":{"line":43,"column":14},"end":{"line":47,"column":15}},{"start":{"line":43,"column":14},"end":{"line":47,"column":15}}],"line":43},"4":{"loc":{"start":{"line":65,"column":12},"end":{"line":67,"column":13}},"type":"if","locations":[{"start":{"line":65,"column":12},"end":{"line":67,"column":13}},{"start":{"line":65,"column":12},"end":{"line":67,"column":13}}],"line":65},"5":{"loc":{"start":{"line":72,"column":11},"end":{"line":84,"column":5}},"type":"if","locations":[{"start":{"line":72,"column":11},"end":{"line":84,"column":5}},{"start":{"line":72,"column":11},"end":{"line":84,"column":5}}],"line":72},"6":{"loc":{"start":{"line":78,"column":11},"end":{"line":84,"column":5}},"type":"if","locations":[{"start":{"line":78,"column":11},"end":{"line":84,"column":5}},{"start":{"line":78,"column":11},"end":{"line":84,"column":5}}],"line":78}},"s":{"0":1,"1":1,"2":1,"3":1,"4":1,"5":1,"6":1,"7":1,"8":1,"9":1,"10":1,"11":1,"12":1,"13":1,"14":1,"15":1,"16":1,"17":1,"18":1,"19":1,"20":0,"21":0,"22":0,"23":0,"24":0,"25":0,"26":0,"27":0,"28":0,"29":0,"30":0,"31":0,"32":0,"33":0,"34":0,"35":0,"36":0,"37":0,"38":0,"39":0,"40":0,"41":0,"42":0,"43":0,"44":0,"45":0,"46":1},"f":{"0":1,"1":0,"2":0,"3":0,"4":0,"5":0,"6":0,"7":0},"b":{"0":[1,0],"1":[0,0],"2":[0,0],"3":[0,0],"4":[0,0],"5":[0,0],"6":[0,0]},"_coverageSchema":"43e27e138ebf9cfc5966b082cf9a028302ed4184","hash":"51c3a9fbf98a80435691821b6d1dec17fd6be2e2"}
}
